<?xml version="1.0" encoding="UTF-8"?>
<!-- Generated by org.testng.reporters.JUnitXMLReporter -->
<testsuite hostname="PC-P8" ignored="0" name="Test" tests="5" failures="0" timestamp="28 May 2022 16:29:39 GMT" time="24.136" errors="0">
  <testcase name="HRMLogin" time="3.435" classname="com.TestNG.All.HRMLoginPageTest"/>
  <testcase name="MPLPT" time="5.712" classname="com.TestNG.All.MediPlusLoginPageTest"/>
  <testcase name="IHGPT" time="4.498" classname="com.TestNG.All.IHGPageTest"/>
  <testcase name="JQPT" time="2.246" classname="com.TestNG.All.JqueryPageTest"/>
  <testcase name="NPL" time="8.211" classname="com.TestNG.All.NikePageTest"/>
</testsuite> <!-- Test -->
