<?xml version="1.0" encoding="UTF-8"?>
<!-- Generated by org.testng.reporters.JUnitXMLReporter -->
<testsuite hostname="PC-P8" ignored="0" name="Test" tests="5" failures="0" timestamp="30 May 2022 16:37:11 GMT" time="22.486" errors="0">
  <testcase name="HRMLogin" time="2.807" classname="com.TestNG.All.HRMLoginPageTest"/>
  <testcase name="MPLPT" time="3.793" classname="com.TestNG.All.MediPlusLoginPageTest"/>
  <testcase name="IHGPT" time="6.991" classname="com.TestNG.All.IHGPageTest"/>
  <testcase name="JQPT" time="2.076" classname="com.TestNG.All.JqueryPageTest"/>
  <testcase name="NPL" time="6.796" classname="com.TestNG.All.NikePageTest"/>
</testsuite> <!-- Test -->
